
> wedding-list-management@1.0.0 build-win
> electron-builder --win

  • electron-builder  version=24.13.3 os=6.14.0-37-generic
  • loaded configuration  file=package.json ("build" field)
  • @electron/rebuild not required if you use electron-builder, please consider to remove excess dependency from devDependencies

To ensure your native dependencies are always matched electron version, simply add script `"postinstall": "electron-builder install-app-deps" to your `package.json`
  • rebuilding native dependencies  dependencies=better-sqlite3@12.6.0 platform=win32 arch=x64
  • install prebuilt binary  name=better-sqlite3 version=12.6.0 platform=win32 arch=x64 napi=
  ⨯ cannot build native dependency  reason=prebuild-install failed with error and build from sources not possible because platform or arch not compatible
                                    cause=exit status 1
                                    errorOut=prebuild-install info begin Prebuild-install version 7.1.3
    prebuild-install warn install prebuilt binaries enforced with --force!
    prebuild-install warn install prebuilt binaries may be out of date!
    prebuild-install info looking for local prebuild @ prebuilds/better-sqlite3-v12.6.0-electron-v119-win32-x64.tar.gz
    prebuild-install info looking for cached prebuild @ /home/somnang/.npm/_prebuilds/93f0b6-better-sqlite3-v12.6.0-electron-v119-win32-x64.tar.gz
    prebuild-install http request GET https://github.com/WiseLibs/better-sqlite3/releases/download/v12.6.0/better-sqlite3-v12.6.0-electron-v119-win32-x64.tar.gz
    prebuild-install http 404 https://github.com/WiseLibs/better-sqlite3/releases/download/v12.6.0/better-sqlite3-v12.6.0-electron-v119-win32-x64.tar.gz
    prebuild-install warn install No prebuilt binaries found (target=28.3.3 runtime=electron arch=x64 libc= platform=win32)
    
                                    command=/usr/bin/node /home/somnang/Desktop/wedding_book/node_modules/prebuild-install/bin.js --platform=win32 --arch=x64 --target=28.3.3 --runtime=electron --verbose --force
                                    workingDir=/home/somnang/Desktop/wedding_book/node_modules/better-sqlite3
